<?xml version="1.0" encoding="UTF-8"?>
<!-- Generated by org.testng.reporters.JUnitXMLReporter -->
<testsuite ignored="0" hostname="LAPTOP-BI02RD59" failures="0" tests="1" name="Test" time="0.021" errors="0" timestamp="2021-08-10T03:30:40 IST">
  <testcase classname="Test.FlipkartTest" name="@BeforeSuite setupBrowser" time="0.008">
    <failure type="java.lang.Error" message="Unresolved compilation problem: 
	Duplicate local variable input
">
      <![CDATA[java.lang.Error: Unresolved compilation problem: 
Duplicate local variable input

at Test.FlipkartTest.setupBrowser(FlipkartTest.java:36)
... Removed 19 stack frames]]>
    </failure>
  </testcase> <!-- @BeforeSuite setupBrowser -->
  <testcase classname="Test.FlipkartTest" name="FlipKartTest" time="0.0">
    <skipped/>
  </testcase> <!-- FlipKartTest -->
</testsuite> <!-- Test -->
